08-May-2021 06:28:21.203 INFORMACIÓN [main] org.apache.catalina.startup.VersionLoggerListener.log Nombre de la versión del servidor: Apache Tomcat/8.5.65
08-May-2021 06:28:21.217 INFORMACIÓN [main] org.apache.catalina.startup.VersionLoggerListener.log Server built:                      Mar 30 2021 12:28:40 UTC
08-May-2021 06:28:21.218 INFORMACIÓN [main] org.apache.catalina.startup.VersionLoggerListener.log Número de versión de servidor:     8.5.65.0
08-May-2021 06:28:21.218 INFORMACIÓN [main] org.apache.catalina.startup.VersionLoggerListener.log OS Name:                           Mac OS X
08-May-2021 06:28:21.218 INFORMACIÓN [main] org.apache.catalina.startup.VersionLoggerListener.log Versión de Systema Operativo:      10.13.6
08-May-2021 06:28:21.219 INFORMACIÓN [main] org.apache.catalina.startup.VersionLoggerListener.log Arquitectura:                      x86_64
08-May-2021 06:28:21.219 INFORMACIÓN [main] org.apache.catalina.startup.VersionLoggerListener.log Java Home:                         /Library/Java/JavaVirtualMachines/jdk1.8.0_112.jdk/Contents/Home/jre
08-May-2021 06:28:21.219 INFORMACIÓN [main] org.apache.catalina.startup.VersionLoggerListener.log JVM Version:                       1.8.0_112-b16
08-May-2021 06:28:21.219 INFORMACIÓN [main] org.apache.catalina.startup.VersionLoggerListener.log Vededor JVM:                       Oracle Corporation
08-May-2021 06:28:21.219 INFORMACIÓN [main] org.apache.catalina.startup.VersionLoggerListener.log CATALINA_BASE:                     /Applications/XAMPP/xamppfiles/htdocs/ISDCM/apache-tomcat-8.5.65_alejandro
08-May-2021 06:28:21.219 INFORMACIÓN [main] org.apache.catalina.startup.VersionLoggerListener.log CATALINA_HOME:                     /Applications/XAMPP/xamppfiles/htdocs/ISDCM/apache-tomcat-8.5.65_alejandro
08-May-2021 06:28:21.221 INFORMACIÓN [main] org.apache.catalina.startup.VersionLoggerListener.log Command line argument:             -Djava.util.logging.config.file=/Applications/XAMPP/htdocs/ISDCM/apache-tomcat-8.5.65_alejandro/conf/logging.properties
08-May-2021 06:28:21.221 INFORMACIÓN [main] org.apache.catalina.startup.VersionLoggerListener.log Command line argument:             -Djava.util.logging.manager=org.apache.juli.ClassLoaderLogManager
08-May-2021 06:28:21.222 INFORMACIÓN [main] org.apache.catalina.startup.VersionLoggerListener.log Command line argument:             -Djdk.tls.ephemeralDHKeySize=2048
08-May-2021 06:28:21.222 INFORMACIÓN [main] org.apache.catalina.startup.VersionLoggerListener.log Command line argument:             -Djava.protocol.handler.pkgs=org.apache.catalina.webresources
08-May-2021 06:28:21.222 INFORMACIÓN [main] org.apache.catalina.startup.VersionLoggerListener.log Command line argument:             -Dorg.apache.catalina.security.SecurityListener.UMASK=0027
08-May-2021 06:28:21.222 INFORMACIÓN [main] org.apache.catalina.startup.VersionLoggerListener.log Command line argument:             -Dignore.endorsed.dirs=
08-May-2021 06:28:21.222 INFORMACIÓN [main] org.apache.catalina.startup.VersionLoggerListener.log Command line argument:             -Dcatalina.base=/Applications/XAMPP/htdocs/ISDCM/apache-tomcat-8.5.65_alejandro
08-May-2021 06:28:21.222 INFORMACIÓN [main] org.apache.catalina.startup.VersionLoggerListener.log Command line argument:             -Dcatalina.home=/Applications/XAMPP/htdocs/ISDCM/apache-tomcat-8.5.65_alejandro
08-May-2021 06:28:21.223 INFORMACIÓN [main] org.apache.catalina.startup.VersionLoggerListener.log Command line argument:             -Djava.io.tmpdir=/Applications/XAMPP/htdocs/ISDCM/apache-tomcat-8.5.65_alejandro/temp
08-May-2021 06:28:21.223 INFORMACIÓN [main] org.apache.catalina.core.AprLifecycleListener.lifecycleEvent La biblioteca nativa de Apache Tomcat basada en ARP que permite un rendimiento óptimo en entornos de desarrollo no ha sido hallada en java.library.path: [/Users/cubometa/Library/Java/Extensions:/Library/Java/Extensions:/Network/Library/Java/Extensions:/System/Library/Java/Extensions:/usr/lib/java:.]
08-May-2021 06:28:26.108 INFORMACIÓN [main] org.apache.coyote.AbstractProtocol.init Inicializando el manejador de protocolo ["http-nio-8081"]

08-May-2021 06:28:26.688 INFORMACIÓN [main] org.apache.tomcat.util.net.NioSelectorPool.getSharedSelector Using a shared selector for servlet write/read
08-May-2021 06:28:26.908 INFORMACIÓN [main] org.apache.catalina.startup.Catalina.load Initialization processed in 11932 ms
08-May-2021 06:28:27.330 INFORMACIÓN [main] org.apache.catalina.core.StandardService.startInternal Arrancando servicio [Catalina]
08-May-2021 06:28:27.331 INFORMACIÓN [main] org.apache.catalina.core.StandardEngine.startInternal Starting Servlet engine: [Apache Tomcat/8.5.65]
08-May-2021 06:28:27.450 INFORMACIÓN [localhost-startStop-1] org.apache.catalina.startup.HostConfig.deployDirectory Desplegando el directorio [/Applications/XAMPP/xamppfiles/htdocs/ISDCM/apache-tomcat-8.5.65_alejandro/webapps/docs] de la aplicación web
08-May-2021 06:28:30.588 INFORMACIÓN [localhost-startStop-1] org.apache.catalina.startup.HostConfig.deployDirectory Deployment of web application directory [/Applications/XAMPP/xamppfiles/htdocs/ISDCM/apache-tomcat-8.5.65_alejandro/webapps/docs] has finished in [3.111] ms
08-May-2021 06:28:30.656 INFORMACIÓN [localhost-startStop-1] org.apache.catalina.startup.HostConfig.deployDirectory Desplegando el directorio [/Applications/XAMPP/xamppfiles/htdocs/ISDCM/apache-tomcat-8.5.65_alejandro/webapps/examples] de la aplicación web
08-May-2021 06:28:32.507 INFORMACIÓN [localhost-startStop-1] org.apache.catalina.startup.HostConfig.deployDirectory Deployment of web application directory [/Applications/XAMPP/xamppfiles/htdocs/ISDCM/apache-tomcat-8.5.65_alejandro/webapps/examples] has finished in [1.912] ms
08-May-2021 06:28:32.507 INFORMACIÓN [localhost-startStop-1] org.apache.catalina.startup.HostConfig.deployDirectory Desplegando el directorio [/Applications/XAMPP/xamppfiles/htdocs/ISDCM/apache-tomcat-8.5.65_alejandro/webapps/host-manager] de la aplicación web
08-May-2021 06:28:32.698 INFORMACIÓN [localhost-startStop-1] org.apache.catalina.startup.HostConfig.deployDirectory Deployment of web application directory [/Applications/XAMPP/xamppfiles/htdocs/ISDCM/apache-tomcat-8.5.65_alejandro/webapps/host-manager] has finished in [190] ms
08-May-2021 06:28:32.698 INFORMACIÓN [localhost-startStop-1] org.apache.catalina.startup.HostConfig.deployDirectory Desplegando el directorio [/Applications/XAMPP/xamppfiles/htdocs/ISDCM/apache-tomcat-8.5.65_alejandro/webapps/manager] de la aplicación web
08-May-2021 06:28:32.814 INFORMACIÓN [localhost-startStop-1] org.apache.catalina.startup.HostConfig.deployDirectory Deployment of web application directory [/Applications/XAMPP/xamppfiles/htdocs/ISDCM/apache-tomcat-8.5.65_alejandro/webapps/manager] has finished in [116] ms
08-May-2021 06:28:32.814 INFORMACIÓN [localhost-startStop-1] org.apache.catalina.startup.HostConfig.deployDirectory Desplegando el directorio [/Applications/XAMPP/xamppfiles/htdocs/ISDCM/apache-tomcat-8.5.65_alejandro/webapps/ROOT] de la aplicación web
08-May-2021 06:28:32.920 INFORMACIÓN [localhost-startStop-1] org.apache.catalina.startup.HostConfig.deployDirectory Deployment of web application directory [/Applications/XAMPP/xamppfiles/htdocs/ISDCM/apache-tomcat-8.5.65_alejandro/webapps/ROOT] has finished in [105] ms
08-May-2021 06:28:32.945 INFORMACIÓN [main] org.apache.coyote.AbstractProtocol.start Starting ProtocolHandler ["http-nio-8081"]
08-May-2021 06:28:33.033 INFORMACIÓN [main] org.apache.catalina.startup.Catalina.start Server startup in 6124 ms
