29-Apr-2021 21:17:44.615 INFORMACIÓN [main] org.apache.catalina.startup.VersionLoggerListener.log Nombre de la versión del servidor: Apache Tomcat/8.5.65
29-Apr-2021 21:17:45.674 INFORMACIÓN [main] org.apache.catalina.startup.VersionLoggerListener.log Server built:                      Mar 30 2021 12:28:40 UTC
29-Apr-2021 21:17:45.675 INFORMACIÓN [main] org.apache.catalina.startup.VersionLoggerListener.log Número de versión de servidor:     8.5.65.0
29-Apr-2021 21:17:45.675 INFORMACIÓN [main] org.apache.catalina.startup.VersionLoggerListener.log OS Name:                           Mac OS X
29-Apr-2021 21:17:45.675 INFORMACIÓN [main] org.apache.catalina.startup.VersionLoggerListener.log Versión de Systema Operativo:      10.13.6
29-Apr-2021 21:17:45.675 INFORMACIÓN [main] org.apache.catalina.startup.VersionLoggerListener.log Arquitectura:                      x86_64
29-Apr-2021 21:17:45.676 INFORMACIÓN [main] org.apache.catalina.startup.VersionLoggerListener.log Java Home:                         /Library/Java/JavaVirtualMachines/jdk1.8.0_112.jdk/Contents/Home/jre
29-Apr-2021 21:17:45.676 INFORMACIÓN [main] org.apache.catalina.startup.VersionLoggerListener.log JVM Version:                       1.8.0_112-b16
29-Apr-2021 21:17:45.676 INFORMACIÓN [main] org.apache.catalina.startup.VersionLoggerListener.log Vededor JVM:                       Oracle Corporation
29-Apr-2021 21:17:45.676 INFORMACIÓN [main] org.apache.catalina.startup.VersionLoggerListener.log CATALINA_BASE:                     /Applications/XAMPP/xamppfiles/htdocs/ISDCM/apache-tomcat-8.5.65_alejandro
29-Apr-2021 21:17:45.676 INFORMACIÓN [main] org.apache.catalina.startup.VersionLoggerListener.log CATALINA_HOME:                     /Applications/XAMPP/xamppfiles/htdocs/ISDCM/apache-tomcat-8.5.65_alejandro
29-Apr-2021 21:17:45.678 INFORMACIÓN [main] org.apache.catalina.startup.VersionLoggerListener.log Command line argument:             -Djava.util.logging.config.file=/Applications/XAMPP/htdocs/ISDCM/apache-tomcat-8.5.65_alejandro/conf/logging.properties
29-Apr-2021 21:17:45.678 INFORMACIÓN [main] org.apache.catalina.startup.VersionLoggerListener.log Command line argument:             -Djava.util.logging.manager=org.apache.juli.ClassLoaderLogManager
29-Apr-2021 21:17:45.678 INFORMACIÓN [main] org.apache.catalina.startup.VersionLoggerListener.log Command line argument:             -Djdk.tls.ephemeralDHKeySize=2048
29-Apr-2021 21:17:45.678 INFORMACIÓN [main] org.apache.catalina.startup.VersionLoggerListener.log Command line argument:             -Djava.protocol.handler.pkgs=org.apache.catalina.webresources
29-Apr-2021 21:17:45.679 INFORMACIÓN [main] org.apache.catalina.startup.VersionLoggerListener.log Command line argument:             -Dorg.apache.catalina.security.SecurityListener.UMASK=0027
29-Apr-2021 21:17:45.679 INFORMACIÓN [main] org.apache.catalina.startup.VersionLoggerListener.log Command line argument:             -Dignore.endorsed.dirs=
29-Apr-2021 21:17:45.679 INFORMACIÓN [main] org.apache.catalina.startup.VersionLoggerListener.log Command line argument:             -Dcatalina.base=/Applications/XAMPP/htdocs/ISDCM/apache-tomcat-8.5.65_alejandro
29-Apr-2021 21:17:45.679 INFORMACIÓN [main] org.apache.catalina.startup.VersionLoggerListener.log Command line argument:             -Dcatalina.home=/Applications/XAMPP/htdocs/ISDCM/apache-tomcat-8.5.65_alejandro
29-Apr-2021 21:17:45.679 INFORMACIÓN [main] org.apache.catalina.startup.VersionLoggerListener.log Command line argument:             -Djava.io.tmpdir=/Applications/XAMPP/htdocs/ISDCM/apache-tomcat-8.5.65_alejandro/temp
29-Apr-2021 21:17:45.679 INFORMACIÓN [main] org.apache.catalina.core.AprLifecycleListener.lifecycleEvent La biblioteca nativa de Apache Tomcat basada en ARP que permite un rendimiento óptimo en entornos de desarrollo no ha sido hallada en java.library.path: [/Users/cubometa/Library/Java/Extensions:/Library/Java/Extensions:/Network/Library/Java/Extensions:/System/Library/Java/Extensions:/usr/lib/java:.]
29-Apr-2021 21:18:08.892 INFORMACIÓN [main] org.apache.coyote.AbstractProtocol.init Inicializando el manejador de protocolo ["http-nio-8081"]

29-Apr-2021 21:18:12.481 INFORMACIÓN [main] org.apache.tomcat.util.net.NioSelectorPool.getSharedSelector Using a shared selector for servlet write/read
29-Apr-2021 21:18:13.450 INFORMACIÓN [main] org.apache.catalina.startup.Catalina.load Initialization processed in 82524 ms
29-Apr-2021 21:18:16.046 INFORMACIÓN [main] org.apache.catalina.core.StandardService.startInternal Arrancando servicio [Catalina]
29-Apr-2021 21:18:16.046 INFORMACIÓN [main] org.apache.catalina.core.StandardEngine.startInternal Starting Servlet engine: [Apache Tomcat/8.5.65]
29-Apr-2021 21:18:23.732 INFORMACIÓN [localhost-startStop-1] org.apache.catalina.startup.HostConfig.deployDirectory Desplegando el directorio [/Applications/XAMPP/xamppfiles/htdocs/ISDCM/apache-tomcat-8.5.65_alejandro/webapps/docs] de la aplicación web
29-Apr-2021 21:18:55.331 ADVERTENCIA [localhost-startStop-1] org.apache.catalina.util.SessionIdGeneratorBase.createSecureRandom Creation of SecureRandom instance for session ID generation using [SHA1PRNG] took [591] milliseconds.
29-Apr-2021 21:18:57.865 INFORMACIÓN [localhost-startStop-1] org.apache.catalina.startup.HostConfig.deployDirectory Deployment of web application directory [/Applications/XAMPP/xamppfiles/htdocs/ISDCM/apache-tomcat-8.5.65_alejandro/webapps/docs] has finished in [34.134] ms
29-Apr-2021 21:18:57.867 INFORMACIÓN [localhost-startStop-1] org.apache.catalina.startup.HostConfig.deployDirectory Desplegando el directorio [/Applications/XAMPP/xamppfiles/htdocs/ISDCM/apache-tomcat-8.5.65_alejandro/webapps/examples] de la aplicación web
29-Apr-2021 21:19:12.832 INFORMACIÓN [localhost-startStop-1] org.apache.catalina.startup.HostConfig.deployDirectory Deployment of web application directory [/Applications/XAMPP/xamppfiles/htdocs/ISDCM/apache-tomcat-8.5.65_alejandro/webapps/examples] has finished in [14.965] ms
29-Apr-2021 21:19:12.833 INFORMACIÓN [localhost-startStop-1] org.apache.catalina.startup.HostConfig.deployDirectory Desplegando el directorio [/Applications/XAMPP/xamppfiles/htdocs/ISDCM/apache-tomcat-8.5.65_alejandro/webapps/host-manager] de la aplicación web
29-Apr-2021 21:19:19.400 INFORMACIÓN [localhost-startStop-1] org.apache.catalina.startup.HostConfig.deployDirectory Deployment of web application directory [/Applications/XAMPP/xamppfiles/htdocs/ISDCM/apache-tomcat-8.5.65_alejandro/webapps/host-manager] has finished in [6.567] ms
29-Apr-2021 21:19:19.400 INFORMACIÓN [localhost-startStop-1] org.apache.catalina.startup.HostConfig.deployDirectory Desplegando el directorio [/Applications/XAMPP/xamppfiles/htdocs/ISDCM/apache-tomcat-8.5.65_alejandro/webapps/manager] de la aplicación web
29-Apr-2021 21:19:24.352 INFORMACIÓN [localhost-startStop-1] org.apache.catalina.startup.HostConfig.deployDirectory Deployment of web application directory [/Applications/XAMPP/xamppfiles/htdocs/ISDCM/apache-tomcat-8.5.65_alejandro/webapps/manager] has finished in [4.952] ms
29-Apr-2021 21:19:24.353 INFORMACIÓN [localhost-startStop-1] org.apache.catalina.startup.HostConfig.deployDirectory Desplegando el directorio [/Applications/XAMPP/xamppfiles/htdocs/ISDCM/apache-tomcat-8.5.65_alejandro/webapps/ROOT] de la aplicación web
29-Apr-2021 21:19:29.247 INFORMACIÓN [localhost-startStop-1] org.apache.catalina.startup.HostConfig.deployDirectory Deployment of web application directory [/Applications/XAMPP/xamppfiles/htdocs/ISDCM/apache-tomcat-8.5.65_alejandro/webapps/ROOT] has finished in [4.893] ms
29-Apr-2021 21:19:29.338 INFORMACIÓN [main] org.apache.coyote.AbstractProtocol.start Starting ProtocolHandler ["http-nio-8081"]
29-Apr-2021 21:19:29.644 INFORMACIÓN [main] org.apache.catalina.startup.Catalina.start Server startup in 76194 ms
29-Apr-2021 21:19:29.967 GRAVE [main] org.apache.catalina.core.StandardServer.await StandardServer.await: create[localhost:8005]: 
	java.net.BindException: Address already in use (Bind failed)
		at java.net.PlainSocketImpl.socketBind(Native Method)
		at java.net.AbstractPlainSocketImpl.bind(AbstractPlainSocketImpl.java:387)
		at java.net.ServerSocket.bind(ServerSocket.java:375)
		at java.net.ServerSocket.<init>(ServerSocket.java:237)
		at org.apache.catalina.core.StandardServer.await(StandardServer.java:421)
		at org.apache.catalina.startup.Catalina.await(Catalina.java:776)
		at org.apache.catalina.startup.Catalina.start(Catalina.java:722)
		at sun.reflect.NativeMethodAccessorImpl.invoke0(Native Method)
		at sun.reflect.NativeMethodAccessorImpl.invoke(NativeMethodAccessorImpl.java:62)
		at sun.reflect.DelegatingMethodAccessorImpl.invoke(DelegatingMethodAccessorImpl.java:43)
		at java.lang.reflect.Method.invoke(Method.java:498)
		at org.apache.catalina.startup.Bootstrap.start(Bootstrap.java:342)
		at org.apache.catalina.startup.Bootstrap.main(Bootstrap.java:473)
29-Apr-2021 21:20:48.789 INFORMACIÓN [main] org.apache.catalina.startup.VersionLoggerListener.log Nombre de la versión del servidor: Apache Tomcat/8.5.65
29-Apr-2021 21:20:48.793 INFORMACIÓN [main] org.apache.catalina.startup.VersionLoggerListener.log Server built:                      Mar 30 2021 12:28:40 UTC
29-Apr-2021 21:20:48.793 INFORMACIÓN [main] org.apache.catalina.startup.VersionLoggerListener.log Número de versión de servidor:     8.5.65.0
29-Apr-2021 21:20:48.794 INFORMACIÓN [main] org.apache.catalina.startup.VersionLoggerListener.log OS Name:                           Mac OS X
29-Apr-2021 21:20:48.794 INFORMACIÓN [main] org.apache.catalina.startup.VersionLoggerListener.log Versión de Systema Operativo:      10.13.6
29-Apr-2021 21:20:48.794 INFORMACIÓN [main] org.apache.catalina.startup.VersionLoggerListener.log Arquitectura:                      x86_64
29-Apr-2021 21:20:48.794 INFORMACIÓN [main] org.apache.catalina.startup.VersionLoggerListener.log Java Home:                         /Library/Java/JavaVirtualMachines/jdk1.8.0_112.jdk/Contents/Home/jre
29-Apr-2021 21:20:48.794 INFORMACIÓN [main] org.apache.catalina.startup.VersionLoggerListener.log JVM Version:                       1.8.0_112-b16
29-Apr-2021 21:20:48.794 INFORMACIÓN [main] org.apache.catalina.startup.VersionLoggerListener.log Vededor JVM:                       Oracle Corporation
29-Apr-2021 21:20:48.794 INFORMACIÓN [main] org.apache.catalina.startup.VersionLoggerListener.log CATALINA_BASE:                     /Applications/XAMPP/xamppfiles/htdocs/ISDCM/apache-tomcat-8.5.65_alejandro
29-Apr-2021 21:20:48.795 INFORMACIÓN [main] org.apache.catalina.startup.VersionLoggerListener.log CATALINA_HOME:                     /Applications/XAMPP/xamppfiles/htdocs/ISDCM/apache-tomcat-8.5.65_alejandro
29-Apr-2021 21:20:48.796 INFORMACIÓN [main] org.apache.catalina.startup.VersionLoggerListener.log Command line argument:             -Djava.util.logging.config.file=/Applications/XAMPP/htdocs/ISDCM/apache-tomcat-8.5.65_alejandro/conf/logging.properties
29-Apr-2021 21:20:48.796 INFORMACIÓN [main] org.apache.catalina.startup.VersionLoggerListener.log Command line argument:             -Djava.util.logging.manager=org.apache.juli.ClassLoaderLogManager
29-Apr-2021 21:20:48.796 INFORMACIÓN [main] org.apache.catalina.startup.VersionLoggerListener.log Command line argument:             -Djdk.tls.ephemeralDHKeySize=2048
29-Apr-2021 21:20:48.796 INFORMACIÓN [main] org.apache.catalina.startup.VersionLoggerListener.log Command line argument:             -Djava.protocol.handler.pkgs=org.apache.catalina.webresources
29-Apr-2021 21:20:48.796 INFORMACIÓN [main] org.apache.catalina.startup.VersionLoggerListener.log Command line argument:             -Dorg.apache.catalina.security.SecurityListener.UMASK=0027
29-Apr-2021 21:20:48.796 INFORMACIÓN [main] org.apache.catalina.startup.VersionLoggerListener.log Command line argument:             -Dignore.endorsed.dirs=
29-Apr-2021 21:20:48.796 INFORMACIÓN [main] org.apache.catalina.startup.VersionLoggerListener.log Command line argument:             -Dcatalina.base=/Applications/XAMPP/htdocs/ISDCM/apache-tomcat-8.5.65_alejandro
29-Apr-2021 21:20:48.796 INFORMACIÓN [main] org.apache.catalina.startup.VersionLoggerListener.log Command line argument:             -Dcatalina.home=/Applications/XAMPP/htdocs/ISDCM/apache-tomcat-8.5.65_alejandro
29-Apr-2021 21:20:48.797 INFORMACIÓN [main] org.apache.catalina.startup.VersionLoggerListener.log Command line argument:             -Djava.io.tmpdir=/Applications/XAMPP/htdocs/ISDCM/apache-tomcat-8.5.65_alejandro/temp
29-Apr-2021 21:20:48.797 INFORMACIÓN [main] org.apache.catalina.core.AprLifecycleListener.lifecycleEvent La biblioteca nativa de Apache Tomcat basada en ARP que permite un rendimiento óptimo en entornos de desarrollo no ha sido hallada en java.library.path: [/Users/cubometa/Library/Java/Extensions:/Library/Java/Extensions:/Network/Library/Java/Extensions:/System/Library/Java/Extensions:/usr/lib/java:.]
29-Apr-2021 21:20:50.864 INFORMACIÓN [main] org.apache.coyote.AbstractProtocol.init Inicializando el manejador de protocolo ["http-nio-8081"]

29-Apr-2021 21:20:50.978 INFORMACIÓN [main] org.apache.tomcat.util.net.NioSelectorPool.getSharedSelector Using a shared selector for servlet write/read
29-Apr-2021 21:20:51.061 INFORMACIÓN [main] org.apache.catalina.startup.Catalina.load Initialization processed in 7479 ms
29-Apr-2021 21:20:51.238 INFORMACIÓN [main] org.apache.catalina.core.StandardService.startInternal Arrancando servicio [Catalina]
29-Apr-2021 21:20:51.238 INFORMACIÓN [main] org.apache.catalina.core.StandardEngine.startInternal Starting Servlet engine: [Apache Tomcat/8.5.65]
29-Apr-2021 21:20:52.781 INFORMACIÓN [localhost-startStop-1] org.apache.catalina.startup.HostConfig.deployDirectory Desplegando el directorio [/Applications/XAMPP/xamppfiles/htdocs/ISDCM/apache-tomcat-8.5.65_alejandro/webapps/docs] de la aplicación web
29-Apr-2021 21:20:55.805 INFORMACIÓN [localhost-startStop-1] org.apache.catalina.startup.HostConfig.deployDirectory Deployment of web application directory [/Applications/XAMPP/xamppfiles/htdocs/ISDCM/apache-tomcat-8.5.65_alejandro/webapps/docs] has finished in [3.021] ms
29-Apr-2021 21:20:55.816 INFORMACIÓN [localhost-startStop-1] org.apache.catalina.startup.HostConfig.deployDirectory Desplegando el directorio [/Applications/XAMPP/xamppfiles/htdocs/ISDCM/apache-tomcat-8.5.65_alejandro/webapps/examples] de la aplicación web
29-Apr-2021 21:20:58.000 INFORMACIÓN [localhost-startStop-1] org.apache.catalina.startup.HostConfig.deployDirectory Deployment of web application directory [/Applications/XAMPP/xamppfiles/htdocs/ISDCM/apache-tomcat-8.5.65_alejandro/webapps/examples] has finished in [2.184] ms
29-Apr-2021 21:20:58.001 INFORMACIÓN [localhost-startStop-1] org.apache.catalina.startup.HostConfig.deployDirectory Desplegando el directorio [/Applications/XAMPP/xamppfiles/htdocs/ISDCM/apache-tomcat-8.5.65_alejandro/webapps/host-manager] de la aplicación web
29-Apr-2021 21:20:58.066 INFORMACIÓN [localhost-startStop-1] org.apache.catalina.startup.HostConfig.deployDirectory Deployment of web application directory [/Applications/XAMPP/xamppfiles/htdocs/ISDCM/apache-tomcat-8.5.65_alejandro/webapps/host-manager] has finished in [64] ms
29-Apr-2021 21:20:58.066 INFORMACIÓN [localhost-startStop-1] org.apache.catalina.startup.HostConfig.deployDirectory Desplegando el directorio [/Applications/XAMPP/xamppfiles/htdocs/ISDCM/apache-tomcat-8.5.65_alejandro/webapps/manager] de la aplicación web
29-Apr-2021 21:20:58.196 INFORMACIÓN [localhost-startStop-1] org.apache.catalina.startup.HostConfig.deployDirectory Deployment of web application directory [/Applications/XAMPP/xamppfiles/htdocs/ISDCM/apache-tomcat-8.5.65_alejandro/webapps/manager] has finished in [130] ms
29-Apr-2021 21:20:58.197 INFORMACIÓN [localhost-startStop-1] org.apache.catalina.startup.HostConfig.deployDirectory Desplegando el directorio [/Applications/XAMPP/xamppfiles/htdocs/ISDCM/apache-tomcat-8.5.65_alejandro/webapps/ROOT] de la aplicación web
29-Apr-2021 21:20:58.255 INFORMACIÓN [localhost-startStop-1] org.apache.catalina.startup.HostConfig.deployDirectory Deployment of web application directory [/Applications/XAMPP/xamppfiles/htdocs/ISDCM/apache-tomcat-8.5.65_alejandro/webapps/ROOT] has finished in [59] ms
29-Apr-2021 21:20:58.266 INFORMACIÓN [main] org.apache.coyote.AbstractProtocol.start Starting ProtocolHandler ["http-nio-8081"]
29-Apr-2021 21:20:58.313 INFORMACIÓN [1] org.apache.catalina.startup.Catalina.start Server startup in 7252 ms
