09-May-2021 21:00:30.043 INFORMACIÓN [main] org.apache.catalina.startup.VersionLoggerListener.log Nombre de la versión del servidor: Apache Tomcat/8.5.65
09-May-2021 21:00:30.047 INFORMACIÓN [main] org.apache.catalina.startup.VersionLoggerListener.log Server built:                      Mar 30 2021 12:28:40 UTC
09-May-2021 21:00:30.047 INFORMACIÓN [main] org.apache.catalina.startup.VersionLoggerListener.log Número de versión de servidor:     8.5.65.0
09-May-2021 21:00:30.048 INFORMACIÓN [main] org.apache.catalina.startup.VersionLoggerListener.log OS Name:                           Windows 10
09-May-2021 21:00:30.048 INFORMACIÓN [main] org.apache.catalina.startup.VersionLoggerListener.log Versión de Systema Operativo:      10.0
09-May-2021 21:00:30.048 INFORMACIÓN [main] org.apache.catalina.startup.VersionLoggerListener.log Arquitectura:                      amd64
09-May-2021 21:00:30.048 INFORMACIÓN [main] org.apache.catalina.startup.VersionLoggerListener.log Java Home:                         C:\Program Files\Java\jdk1.8.0_291\jre
09-May-2021 21:00:30.048 INFORMACIÓN [main] org.apache.catalina.startup.VersionLoggerListener.log JVM Version:                       1.8.0_291-b10
09-May-2021 21:00:30.048 INFORMACIÓN [main] org.apache.catalina.startup.VersionLoggerListener.log Vededor JVM:                       Oracle Corporation
09-May-2021 21:00:30.048 INFORMACIÓN [main] org.apache.catalina.startup.VersionLoggerListener.log CATALINA_BASE:                     C:\Users\oracle\Documents\NetBeansProjects\ISDCM\apache-tomcat-8.5.65
09-May-2021 21:00:30.049 INFORMACIÓN [main] org.apache.catalina.startup.VersionLoggerListener.log CATALINA_HOME:                     C:\Users\oracle\Documents\NetBeansProjects\ISDCM\apache-tomcat-8.5.65
09-May-2021 21:00:30.049 INFORMACIÓN [main] org.apache.catalina.startup.VersionLoggerListener.log Command line argument:             -Djava.util.logging.config.file=C:\Users\oracle\Documents\NetBeansProjects\ISDCM\apache-tomcat-8.5.65\conf\logging.properties
09-May-2021 21:00:30.049 INFORMACIÓN [main] org.apache.catalina.startup.VersionLoggerListener.log Command line argument:             -Djava.util.logging.manager=org.apache.juli.ClassLoaderLogManager
09-May-2021 21:00:30.055 INFORMACIÓN [main] org.apache.catalina.startup.VersionLoggerListener.log Command line argument:             -Dhttp.nonProxyHosts=localhost|127.0.0.1|DESKTOP-61NHK73
09-May-2021 21:00:30.055 INFORMACIÓN [main] org.apache.catalina.startup.VersionLoggerListener.log Command line argument:             -Djdk.tls.ephemeralDHKeySize=2048
09-May-2021 21:00:30.055 INFORMACIÓN [main] org.apache.catalina.startup.VersionLoggerListener.log Command line argument:             -Djava.protocol.handler.pkgs=org.apache.catalina.webresources
09-May-2021 21:00:30.055 INFORMACIÓN [main] org.apache.catalina.startup.VersionLoggerListener.log Command line argument:             -Dignore.endorsed.dirs=
09-May-2021 21:00:30.055 INFORMACIÓN [main] org.apache.catalina.startup.VersionLoggerListener.log Command line argument:             -Dcatalina.base=C:\Users\oracle\Documents\NetBeansProjects\ISDCM\apache-tomcat-8.5.65
09-May-2021 21:00:30.055 INFORMACIÓN [main] org.apache.catalina.startup.VersionLoggerListener.log Command line argument:             -Dcatalina.home=C:\Users\oracle\Documents\NetBeansProjects\ISDCM\apache-tomcat-8.5.65
09-May-2021 21:00:30.055 INFORMACIÓN [main] org.apache.catalina.startup.VersionLoggerListener.log Command line argument:             -Djava.io.tmpdir=C:\Users\oracle\Documents\NetBeansProjects\ISDCM\apache-tomcat-8.5.65\temp
09-May-2021 21:00:30.055 INFORMACIÓN [main] org.apache.catalina.core.AprLifecycleListener.lifecycleEvent Cargada la biblioteca nativa APR de Apache Tomcat [1.2.27] con la versión APR [1.7.0].
09-May-2021 21:00:30.055 INFORMACIÓN [main] org.apache.catalina.core.AprLifecycleListener.lifecycleEvent Capacidades APR: IPv6 [true], enviar fichero [true], aceptar filtros [false], aleatorio [true].
09-May-2021 21:00:30.055 INFORMACIÓN [main] org.apache.catalina.core.AprLifecycleListener.lifecycleEvent APR/OpenSSL configuration: useAprConnector [false], useOpenSSL [true]
09-May-2021 21:00:30.168 INFORMACIÓN [main] org.apache.catalina.core.AprLifecycleListener.initializeSSL OpenSSL inicializado correctamente [OpenSSL 1.1.1k  25 Mar 2021]
09-May-2021 21:00:30.411 INFORMACIÓN [main] org.apache.coyote.AbstractProtocol.init Inicializando el manejador de protocolo ["http-nio-8080"]

09-May-2021 21:00:30.677 INFORMACIÓN [main] org.apache.tomcat.util.net.NioSelectorPool.getSharedSelector Using a shared selector for servlet write/read
09-May-2021 21:00:30.695 INFORMACIÓN [main] org.apache.coyote.AbstractProtocol.init Inicializando el manejador de protocolo ["https-openssl-nio-8443"]

09-May-2021 21:00:30.746 GRAVE [main] org.apache.catalina.core.StandardService.initInternal No pude inicializar el conector [Connector[HTTP/1.1-8443]]
	org.apache.catalina.LifecycleException: Falló la inicialización del manejador de protocolo
		at org.apache.catalina.connector.Connector.initInternal(Connector.java:1076)
		at org.apache.catalina.util.LifecycleBase.init(LifecycleBase.java:136)
		at org.apache.catalina.core.StandardService.initInternal(StandardService.java:552)
		at org.apache.catalina.util.LifecycleBase.init(LifecycleBase.java:136)
		at org.apache.catalina.core.StandardServer.initInternal(StandardServer.java:846)
		at org.apache.catalina.util.LifecycleBase.init(LifecycleBase.java:136)
		at org.apache.catalina.startup.Catalina.load(Catalina.java:639)
		at org.apache.catalina.startup.Catalina.load(Catalina.java:662)
		at sun.reflect.NativeMethodAccessorImpl.invoke0(Native Method)
		at sun.reflect.NativeMethodAccessorImpl.invoke(NativeMethodAccessorImpl.java:62)
		at sun.reflect.DelegatingMethodAccessorImpl.invoke(DelegatingMethodAccessorImpl.java:43)
		at java.lang.reflect.Method.invoke(Method.java:498)
		at org.apache.catalina.startup.Bootstrap.load(Bootstrap.java:302)
		at org.apache.catalina.startup.Bootstrap.main(Bootstrap.java:472)
	Caused by: java.lang.IllegalArgumentException: Invalid keystore format
		at org.apache.tomcat.util.net.AbstractJsseEndpoint.createSSLContext(AbstractJsseEndpoint.java:100)
		at org.apache.tomcat.util.net.AbstractJsseEndpoint.initialiseSsl(AbstractJsseEndpoint.java:72)
		at org.apache.tomcat.util.net.NioEndpoint.bind(NioEndpoint.java:247)
		at org.apache.tomcat.util.net.AbstractEndpoint.init(AbstractEndpoint.java:1143)
		at org.apache.tomcat.util.net.AbstractJsseEndpoint.init(AbstractJsseEndpoint.java:222)
		at org.apache.coyote.AbstractProtocol.init(AbstractProtocol.java:599)
		at org.apache.coyote.http11.AbstractHttp11Protocol.init(AbstractHttp11Protocol.java:80)
		at org.apache.catalina.connector.Connector.initInternal(Connector.java:1074)
		... 13 more
	Caused by: java.io.IOException: Invalid keystore format
		at sun.security.provider.JavaKeyStore.engineLoad(JavaKeyStore.java:663)
		at sun.security.provider.JavaKeyStore$JKS.engineLoad(JavaKeyStore.java:56)
		at sun.security.provider.KeyStoreDelegator.engineLoad(KeyStoreDelegator.java:224)
		at sun.security.provider.JavaKeyStore$DualFormatJKS.engineLoad(JavaKeyStore.java:70)
		at java.security.KeyStore.load(KeyStore.java:1445)
		at org.apache.tomcat.util.security.KeyStoreUtil.load(KeyStoreUtil.java:69)
		at org.apache.tomcat.util.net.SSLUtilBase.getStore(SSLUtilBase.java:215)
		at org.apache.tomcat.util.net.SSLHostConfigCertificate.getCertificateKeystore(SSLHostConfigCertificate.java:207)
		at org.apache.tomcat.util.net.SSLUtilBase.getKeyManagers(SSLUtilBase.java:281)
		at org.apache.tomcat.util.net.openssl.OpenSSLUtil.getKeyManagers(OpenSSLUtil.java:98)
		at org.apache.tomcat.util.net.SSLUtilBase.createSSLContext(SSLUtilBase.java:245)
		at org.apache.tomcat.util.net.AbstractJsseEndpoint.createSSLContext(AbstractJsseEndpoint.java:98)
		... 20 more
09-May-2021 21:00:30.754 INFORMACIÓN [main] org.apache.catalina.startup.Catalina.load Initialization processed in 1473 ms
09-May-2021 21:00:30.932 INFORMACIÓN [main] org.apache.catalina.core.StandardService.startInternal Arrancando servicio [Catalina]
09-May-2021 21:00:30.932 INFORMACIÓN [main] org.apache.catalina.core.StandardEngine.startInternal Starting Servlet engine: [Apache Tomcat/8.5.65]
09-May-2021 21:00:30.954 INFORMACIÓN [localhost-startStop-1] org.apache.catalina.startup.HostConfig.deployDescriptor Desplieque del descriptor de configuración [C:\Users\oracle\Documents\NetBeansProjects\ISDCM\apache-tomcat-8.5.65\conf\Catalina\localhost\ROOT.xml]
09-May-2021 21:00:31.062 GRAVE [localhost-startStop-1] org.apache.catalina.core.ContainerBase.addChildInternal ContainerBase.addChild: start: 
	org.apache.catalina.LifecycleException: Failed to start component [org.apache.catalina.webresources.StandardRoot@7cd30bb4]
		at org.apache.catalina.util.LifecycleBase.handleSubClassException(LifecycleBase.java:440)
		at org.apache.catalina.util.LifecycleBase.start(LifecycleBase.java:198)
		at org.apache.catalina.core.StandardContext.resourcesStart(StandardContext.java:4819)
		at org.apache.catalina.core.StandardContext.startInternal(StandardContext.java:4955)
		at org.apache.catalina.util.LifecycleBase.start(LifecycleBase.java:183)
		at org.apache.catalina.core.ContainerBase.addChildInternal(ContainerBase.java:743)
		at org.apache.catalina.core.ContainerBase.addChild(ContainerBase.java:719)
		at org.apache.catalina.core.StandardHost.addChild(StandardHost.java:705)
		at org.apache.catalina.startup.HostConfig.deployDescriptor(HostConfig.java:672)
		at org.apache.catalina.startup.HostConfig$DeployDescriptor.run(HostConfig.java:1873)
		at java.util.concurrent.Executors$RunnableAdapter.call(Executors.java:511)
		at java.util.concurrent.FutureTask.run(FutureTask.java:266)
		at java.util.concurrent.ThreadPoolExecutor.runWorker(ThreadPoolExecutor.java:1149)
		at java.util.concurrent.ThreadPoolExecutor$Worker.run(ThreadPoolExecutor.java:624)
		at java.lang.Thread.run(Thread.java:748)
	Caused by: java.lang.IllegalArgumentException: The main resource set specified [C:\Users\Resis\Documents\NetBeansProjects\ISDCM\webapp4\cliente_tomcat\target\cliente_tomcat-1.0-SNAPSHOT] is not valid
		at org.apache.catalina.webresources.StandardRoot.createMainResourceSet(StandardRoot.java:747)
		at org.apache.catalina.webresources.StandardRoot.startInternal(StandardRoot.java:705)
		at org.apache.catalina.util.LifecycleBase.start(LifecycleBase.java:183)
		... 13 more
09-May-2021 21:00:31.062 GRAVE [localhost-startStop-1] org.apache.catalina.startup.HostConfig.deployDescriptor Error durante el despliegue del descriptor de configuración [C:\Users\oracle\Documents\NetBeansProjects\ISDCM\apache-tomcat-8.5.65\conf\Catalina\localhost\ROOT.xml]
	java.lang.IllegalStateException: ContainerBase.addChild: start: org.apache.catalina.LifecycleException: Failed to start component [org.apache.catalina.webresources.StandardRoot@7cd30bb4]
		at org.apache.catalina.core.ContainerBase.addChildInternal(ContainerBase.java:747)
		at org.apache.catalina.core.ContainerBase.addChild(ContainerBase.java:719)
		at org.apache.catalina.core.StandardHost.addChild(StandardHost.java:705)
		at org.apache.catalina.startup.HostConfig.deployDescriptor(HostConfig.java:672)
		at org.apache.catalina.startup.HostConfig$DeployDescriptor.run(HostConfig.java:1873)
		at java.util.concurrent.Executors$RunnableAdapter.call(Executors.java:511)
		at java.util.concurrent.FutureTask.run(FutureTask.java:266)
		at java.util.concurrent.ThreadPoolExecutor.runWorker(ThreadPoolExecutor.java:1149)
		at java.util.concurrent.ThreadPoolExecutor$Worker.run(ThreadPoolExecutor.java:624)
		at java.lang.Thread.run(Thread.java:748)
09-May-2021 21:00:31.062 INFORMACIÓN [localhost-startStop-1] org.apache.catalina.startup.HostConfig.deployDescriptor Deployment of deployment descriptor [C:\Users\oracle\Documents\NetBeansProjects\ISDCM\apache-tomcat-8.5.65\conf\Catalina\localhost\ROOT.xml] has finished in [108] ms
09-May-2021 21:00:31.079 INFORMACIÓN [localhost-startStop-1] org.apache.catalina.startup.HostConfig.deployDirectory Desplegando el directorio [C:\Users\oracle\Documents\NetBeansProjects\ISDCM\apache-tomcat-8.5.65\webapps\docs] de la aplicación web
09-May-2021 21:00:32.555 INFORMACIÓN [localhost-startStop-1] org.apache.jasper.servlet.TldScanner.scanJars Al menos un JAR, que se ha explorado buscando TLDs, aún no contenía TLDs. Activar historial de depuración para este historiador para una completa lista de los JARs que fueron explorados y de los que nos se halló TLDs. Saltarse JARs no necesarios durante la exploración puede dar lugar a una mejora de tiempo significativa en el arranque y compilación de JSP .
09-May-2021 21:00:32.642 INFORMACIÓN [localhost-startStop-1] org.apache.catalina.startup.HostConfig.deployDirectory Deployment of web application directory [C:\Users\oracle\Documents\NetBeansProjects\ISDCM\apache-tomcat-8.5.65\webapps\docs] has finished in [1.563] ms
09-May-2021 21:00:32.645 INFORMACIÓN [localhost-startStop-1] org.apache.catalina.startup.HostConfig.deployDirectory Desplegando el directorio [C:\Users\oracle\Documents\NetBeansProjects\ISDCM\apache-tomcat-8.5.65\webapps\examples] de la aplicación web
09-May-2021 21:00:34.211 INFORMACIÓN [localhost-startStop-1] org.apache.jasper.servlet.TldScanner.scanJars Al menos un JAR, que se ha explorado buscando TLDs, aún no contenía TLDs. Activar historial de depuración para este historiador para una completa lista de los JARs que fueron explorados y de los que nos se halló TLDs. Saltarse JARs no necesarios durante la exploración puede dar lugar a una mejora de tiempo significativa en el arranque y compilación de JSP .
09-May-2021 21:00:34.268 GRAVE [localhost-startStop-1] org.apache.catalina.core.StandardContext.startInternal One or more listeners failed to start. Full details will be found in the appropriate container log file
09-May-2021 21:00:34.269 GRAVE [localhost-startStop-1] org.apache.catalina.core.StandardContext.startInternal Falló en arranque del Contexto [/examples] debido a errores previos
09-May-2021 21:00:34.334 INFORMACIÓN [localhost-startStop-1] org.apache.catalina.startup.HostConfig.deployDirectory Deployment of web application directory [C:\Users\oracle\Documents\NetBeansProjects\ISDCM\apache-tomcat-8.5.65\webapps\examples] has finished in [1.692] ms
09-May-2021 21:00:34.335 INFORMACIÓN [localhost-startStop-1] org.apache.catalina.startup.HostConfig.deployDirectory Desplegando el directorio [C:\Users\oracle\Documents\NetBeansProjects\ISDCM\apache-tomcat-8.5.65\webapps\host-manager] de la aplicación web
09-May-2021 21:00:35.965 INFORMACIÓN [localhost-startStop-1] org.apache.jasper.servlet.TldScanner.scanJars Al menos un JAR, que se ha explorado buscando TLDs, aún no contenía TLDs. Activar historial de depuración para este historiador para una completa lista de los JARs que fueron explorados y de los que nos se halló TLDs. Saltarse JARs no necesarios durante la exploración puede dar lugar a una mejora de tiempo significativa en el arranque y compilación de JSP .
09-May-2021 21:00:35.987 INFORMACIÓN [localhost-startStop-1] org.apache.catalina.startup.HostConfig.deployDirectory Deployment of web application directory [C:\Users\oracle\Documents\NetBeansProjects\ISDCM\apache-tomcat-8.5.65\webapps\host-manager] has finished in [1.652] ms
09-May-2021 21:00:35.987 INFORMACIÓN [localhost-startStop-1] org.apache.catalina.startup.HostConfig.deployDirectory Desplegando el directorio [C:\Users\oracle\Documents\NetBeansProjects\ISDCM\apache-tomcat-8.5.65\webapps\manager] de la aplicación web
09-May-2021 21:00:37.550 INFORMACIÓN [localhost-startStop-1] org.apache.jasper.servlet.TldScanner.scanJars Al menos un JAR, que se ha explorado buscando TLDs, aún no contenía TLDs. Activar historial de depuración para este historiador para una completa lista de los JARs que fueron explorados y de los que nos se halló TLDs. Saltarse JARs no necesarios durante la exploración puede dar lugar a una mejora de tiempo significativa en el arranque y compilación de JSP .
09-May-2021 21:00:37.559 INFORMACIÓN [localhost-startStop-1] org.apache.catalina.startup.HostConfig.deployDirectory Deployment of web application directory [C:\Users\oracle\Documents\NetBeansProjects\ISDCM\apache-tomcat-8.5.65\webapps\manager] has finished in [1.569] ms
09-May-2021 21:00:37.565 INFORMACIÓN [main] org.apache.coyote.AbstractProtocol.start Starting ProtocolHandler ["http-nio-8080"]
09-May-2021 21:00:37.586 INFORMACIÓN [main] org.apache.catalina.startup.Catalina.start Server startup in 6836 ms
09-May-2021 21:01:17.880 INFORMACIÓN [http-nio-8080-exec-7] org.apache.catalina.startup.HostConfig.undeploy Repliegue (undeploy) de la aplicación web que tiene como trayectoria de contexto []
09-May-2021 21:01:17.955 INFORMACIÓN [http-nio-8080-exec-6] org.apache.catalina.startup.HostConfig.deployDescriptor Desplieque del descriptor de configuración [C:\Users\oracle\Documents\NetBeansProjects\ISDCM\apache-tomcat-8.5.65\conf\Catalina\localhost\ROOT.xml]
09-May-2021 21:01:17.994 ADVERTENCIA [http-nio-8080-exec-6] org.apache.tomcat.util.descriptor.web.WebXml.setVersion Unknown version string [4.0]. Default version will be used.
09-May-2021 21:01:18.918 INFORMACIÓN [http-nio-8080-exec-6] org.apache.jasper.servlet.TldScanner.scanJars Al menos un JAR, que se ha explorado buscando TLDs, aún no contenía TLDs. Activar historial de depuración para este historiador para una completa lista de los JARs que fueron explorados y de los que nos se halló TLDs. Saltarse JARs no necesarios durante la exploración puede dar lugar a una mejora de tiempo significativa en el arranque y compilación de JSP .
09-May-2021 21:01:18.941 INFORMACIÓN [http-nio-8080-exec-6] org.apache.catalina.startup.HostConfig.deployDescriptor Deployment of deployment descriptor [C:\Users\oracle\Documents\NetBeansProjects\ISDCM\apache-tomcat-8.5.65\conf\Catalina\localhost\ROOT.xml] has finished in [986] ms
09-May-2021 21:01:18.946 INFORMACIÓN [http-nio-8080-exec-9] org.apache.catalina.util.LifecycleBase.start The start() method was called on component [StandardEngine[Catalina].StandardHost[localhost].StandardContext[]] after start() had already been called. The second call will be ignored.
09-May-2021 21:03:32.921 INFORMACIÓN [http-nio-8080-exec-18] org.apache.catalina.startup.HostConfig.undeploy Repliegue (undeploy) de la aplicación web que tiene como trayectoria de contexto []
09-May-2021 21:03:44.508 INFORMACIÓN [http-nio-8080-exec-13] org.apache.catalina.startup.HostConfig.deployDescriptor Desplieque del descriptor de configuración [C:\Users\oracle\Documents\NetBeansProjects\ISDCM\apache-tomcat-8.5.65\conf\Catalina\localhost\ROOT.xml]
09-May-2021 21:03:44.556 ADVERTENCIA [http-nio-8080-exec-13] org.apache.tomcat.util.descriptor.web.WebXml.setVersion Unknown version string [4.0]. Default version will be used.
09-May-2021 21:03:45.740 INFORMACIÓN [http-nio-8080-exec-13] org.apache.jasper.servlet.TldScanner.scanJars Al menos un JAR, que se ha explorado buscando TLDs, aún no contenía TLDs. Activar historial de depuración para este historiador para una completa lista de los JARs que fueron explorados y de los que nos se halló TLDs. Saltarse JARs no necesarios durante la exploración puede dar lugar a una mejora de tiempo significativa en el arranque y compilación de JSP .
09-May-2021 21:03:45.760 INFORMACIÓN [http-nio-8080-exec-13] org.apache.catalina.startup.HostConfig.deployDescriptor Deployment of deployment descriptor [C:\Users\oracle\Documents\NetBeansProjects\ISDCM\apache-tomcat-8.5.65\conf\Catalina\localhost\ROOT.xml] has finished in [1.253] ms
09-May-2021 21:03:45.768 INFORMACIÓN [http-nio-8080-exec-14] org.apache.catalina.util.LifecycleBase.start The start() method was called on component [StandardEngine[Catalina].StandardHost[localhost].StandardContext[]] after start() had already been called. The second call will be ignored.
09-May-2021 21:03:51.788 INFORMACIÓN [http-nio-8080-exec-23] org.apache.catalina.startup.HostConfig.undeploy Repliegue (undeploy) de la aplicación web que tiene como trayectoria de contexto []
09-May-2021 21:03:51.809 INFORMACIÓN [http-nio-8080-exec-24] org.apache.catalina.startup.HostConfig.deployDescriptor Desplieque del descriptor de configuración [C:\Users\oracle\Documents\NetBeansProjects\ISDCM\apache-tomcat-8.5.65\conf\Catalina\localhost\ROOT.xml]
09-May-2021 21:03:51.851 ADVERTENCIA [http-nio-8080-exec-24] org.apache.tomcat.util.descriptor.web.WebXml.setVersion Unknown version string [4.0]. Default version will be used.
09-May-2021 21:03:52.815 INFORMACIÓN [http-nio-8080-exec-24] org.apache.jasper.servlet.TldScanner.scanJars Al menos un JAR, que se ha explorado buscando TLDs, aún no contenía TLDs. Activar historial de depuración para este historiador para una completa lista de los JARs que fueron explorados y de los que nos se halló TLDs. Saltarse JARs no necesarios durante la exploración puede dar lugar a una mejora de tiempo significativa en el arranque y compilación de JSP .
09-May-2021 21:03:52.841 INFORMACIÓN [http-nio-8080-exec-24] org.apache.catalina.startup.HostConfig.deployDescriptor Deployment of deployment descriptor [C:\Users\oracle\Documents\NetBeansProjects\ISDCM\apache-tomcat-8.5.65\conf\Catalina\localhost\ROOT.xml] has finished in [1.032] ms
09-May-2021 21:03:52.847 INFORMACIÓN [http-nio-8080-exec-20] org.apache.catalina.util.LifecycleBase.start The start() method was called on component [StandardEngine[Catalina].StandardHost[localhost].StandardContext[]] after start() had already been called. The second call will be ignored.
09-May-2021 21:04:07.910 INFORMACIÓN [http-nio-8080-exec-14] org.apache.coyote.http11.Http11Processor.service Error analizando cabecera de requerimiento HTTP
 Note: further occurrences of HTTP request parsing errors will be logged at DEBUG level.
	java.lang.IllegalArgumentException: Se encontró un carácter inválido en el nombre del método. Los nombres de métodos HTTP deben ser tokens
		at org.apache.coyote.http11.Http11InputBuffer.parseRequestLine(Http11InputBuffer.java:431)
		at org.apache.coyote.http11.Http11Processor.service(Http11Processor.java:503)
		at org.apache.coyote.AbstractProcessorLight.process(AbstractProcessorLight.java:65)
		at org.apache.coyote.AbstractProtocol$ConnectionHandler.process(AbstractProtocol.java:831)
		at org.apache.tomcat.util.net.NioEndpoint$SocketProcessor.doRun(NioEndpoint.java:1629)
		at org.apache.tomcat.util.net.SocketProcessorBase.run(SocketProcessorBase.java:49)
		at java.util.concurrent.ThreadPoolExecutor.runWorker(ThreadPoolExecutor.java:1149)
		at java.util.concurrent.ThreadPoolExecutor$Worker.run(ThreadPoolExecutor.java:624)
		at org.apache.tomcat.util.threads.TaskThread$WrappingRunnable.run(TaskThread.java:61)
		at java.lang.Thread.run(Thread.java:748)
09-May-2021 21:04:07.910 INFORMACIÓN [http-nio-8080-exec-22] org.apache.coyote.http11.Http11Processor.service Error analizando cabecera de requerimiento HTTP
 Note: further occurrences of HTTP request parsing errors will be logged at DEBUG level.
	java.lang.IllegalArgumentException: Se encontró un carácter inválido en el nombre del método. Los nombres de métodos HTTP deben ser tokens
		at org.apache.coyote.http11.Http11InputBuffer.parseRequestLine(Http11InputBuffer.java:431)
		at org.apache.coyote.http11.Http11Processor.service(Http11Processor.java:503)
		at org.apache.coyote.AbstractProcessorLight.process(AbstractProcessorLight.java:65)
		at org.apache.coyote.AbstractProtocol$ConnectionHandler.process(AbstractProtocol.java:831)
		at org.apache.tomcat.util.net.NioEndpoint$SocketProcessor.doRun(NioEndpoint.java:1629)
		at org.apache.tomcat.util.net.SocketProcessorBase.run(SocketProcessorBase.java:49)
		at java.util.concurrent.ThreadPoolExecutor.runWorker(ThreadPoolExecutor.java:1149)
		at java.util.concurrent.ThreadPoolExecutor$Worker.run(ThreadPoolExecutor.java:624)
		at org.apache.tomcat.util.threads.TaskThread$WrappingRunnable.run(TaskThread.java:61)
		at java.lang.Thread.run(Thread.java:748)
09-May-2021 21:06:15.062 INFORMACIÓN [main] org.apache.catalina.core.StandardServer.await Se ha recibido un comando de apagado a través del puerto de apagado. Parando la instancia del Servidor.
09-May-2021 21:06:15.063 INFORMACIÓN [main] org.apache.coyote.AbstractProtocol.pause Pausing ProtocolHandler ["http-nio-8080"]
09-May-2021 21:06:15.295 INFORMACIÓN [main] org.apache.coyote.AbstractProtocol.pause Pausing ProtocolHandler ["https-openssl-nio-8443"]
09-May-2021 21:06:15.295 INFORMACIÓN [main] org.apache.catalina.core.StandardService.stopInternal Parando servicio [Catalina]
09-May-2021 21:06:15.363 INFORMACIÓN [main] org.apache.coyote.AbstractProtocol.stop Stopping ProtocolHandler ["http-nio-8080"]
09-May-2021 21:06:15.376 INFORMACIÓN [main] org.apache.coyote.AbstractProtocol.destroy Destroying ProtocolHandler ["http-nio-8080"]
09-May-2021 21:06:15.378 INFORMACIÓN [main] org.apache.coyote.AbstractProtocol.stop Stopping ProtocolHandler ["https-openssl-nio-8443"]
09-May-2021 21:06:15.379 INFORMACIÓN [main] org.apache.coyote.AbstractProtocol.destroy Destroying ProtocolHandler ["https-openssl-nio-8443"]
09-May-2021 21:06:18.789 INFORMACIÓN [main] org.apache.catalina.startup.VersionLoggerListener.log Nombre de la versión del servidor: Apache Tomcat/8.5.65
09-May-2021 21:06:18.792 INFORMACIÓN [main] org.apache.catalina.startup.VersionLoggerListener.log Server built:                      Mar 30 2021 12:28:40 UTC
09-May-2021 21:06:18.792 INFORMACIÓN [main] org.apache.catalina.startup.VersionLoggerListener.log Número de versión de servidor:     8.5.65.0
09-May-2021 21:06:18.792 INFORMACIÓN [main] org.apache.catalina.startup.VersionLoggerListener.log OS Name:                           Windows 10
09-May-2021 21:06:18.792 INFORMACIÓN [main] org.apache.catalina.startup.VersionLoggerListener.log Versión de Systema Operativo:      10.0
09-May-2021 21:06:18.792 INFORMACIÓN [main] org.apache.catalina.startup.VersionLoggerListener.log Arquitectura:                      amd64
09-May-2021 21:06:18.793 INFORMACIÓN [main] org.apache.catalina.startup.VersionLoggerListener.log Java Home:                         C:\Program Files\Java\jdk1.8.0_291\jre
09-May-2021 21:06:18.793 INFORMACIÓN [main] org.apache.catalina.startup.VersionLoggerListener.log JVM Version:                       1.8.0_291-b10
09-May-2021 21:06:18.793 INFORMACIÓN [main] org.apache.catalina.startup.VersionLoggerListener.log Vededor JVM:                       Oracle Corporation
09-May-2021 21:06:18.793 INFORMACIÓN [main] org.apache.catalina.startup.VersionLoggerListener.log CATALINA_BASE:                     C:\Users\oracle\Documents\NetBeansProjects\ISDCM\apache-tomcat-8.5.65
09-May-2021 21:06:18.793 INFORMACIÓN [main] org.apache.catalina.startup.VersionLoggerListener.log CATALINA_HOME:                     C:\Users\oracle\Documents\NetBeansProjects\ISDCM\apache-tomcat-8.5.65
09-May-2021 21:06:18.793 INFORMACIÓN [main] org.apache.catalina.startup.VersionLoggerListener.log Command line argument:             -Djava.util.logging.config.file=C:\Users\oracle\Documents\NetBeansProjects\ISDCM\apache-tomcat-8.5.65\conf\logging.properties
09-May-2021 21:06:18.796 INFORMACIÓN [main] org.apache.catalina.startup.VersionLoggerListener.log Command line argument:             -Djava.util.logging.manager=org.apache.juli.ClassLoaderLogManager
09-May-2021 21:06:18.796 INFORMACIÓN [main] org.apache.catalina.startup.VersionLoggerListener.log Command line argument:             -Dhttp.nonProxyHosts=localhost|127.0.0.1|DESKTOP-61NHK73
09-May-2021 21:06:18.796 INFORMACIÓN [main] org.apache.catalina.startup.VersionLoggerListener.log Command line argument:             -Djdk.tls.ephemeralDHKeySize=2048
09-May-2021 21:06:18.798 INFORMACIÓN [main] org.apache.catalina.startup.VersionLoggerListener.log Command line argument:             -Djava.protocol.handler.pkgs=org.apache.catalina.webresources
09-May-2021 21:06:18.798 INFORMACIÓN [main] org.apache.catalina.startup.VersionLoggerListener.log Command line argument:             -Dignore.endorsed.dirs=
09-May-2021 21:06:18.798 INFORMACIÓN [main] org.apache.catalina.startup.VersionLoggerListener.log Command line argument:             -Dcatalina.base=C:\Users\oracle\Documents\NetBeansProjects\ISDCM\apache-tomcat-8.5.65
09-May-2021 21:06:18.798 INFORMACIÓN [main] org.apache.catalina.startup.VersionLoggerListener.log Command line argument:             -Dcatalina.home=C:\Users\oracle\Documents\NetBeansProjects\ISDCM\apache-tomcat-8.5.65
09-May-2021 21:06:18.798 INFORMACIÓN [main] org.apache.catalina.startup.VersionLoggerListener.log Command line argument:             -Djava.io.tmpdir=C:\Users\oracle\Documents\NetBeansProjects\ISDCM\apache-tomcat-8.5.65\temp
09-May-2021 21:06:18.799 INFORMACIÓN [main] org.apache.catalina.core.AprLifecycleListener.lifecycleEvent Cargada la biblioteca nativa APR de Apache Tomcat [1.2.27] con la versión APR [1.7.0].
09-May-2021 21:06:18.799 INFORMACIÓN [main] org.apache.catalina.core.AprLifecycleListener.lifecycleEvent Capacidades APR: IPv6 [true], enviar fichero [true], aceptar filtros [false], aleatorio [true].
09-May-2021 21:06:18.799 INFORMACIÓN [main] org.apache.catalina.core.AprLifecycleListener.lifecycleEvent APR/OpenSSL configuration: useAprConnector [false], useOpenSSL [true]
09-May-2021 21:06:18.864 INFORMACIÓN [main] org.apache.catalina.core.AprLifecycleListener.initializeSSL OpenSSL inicializado correctamente [OpenSSL 1.1.1k  25 Mar 2021]
09-May-2021 21:06:19.097 INFORMACIÓN [main] org.apache.coyote.AbstractProtocol.init Inicializando el manejador de protocolo ["http-nio-8080"]

09-May-2021 21:06:19.366 INFORMACIÓN [main] org.apache.tomcat.util.net.NioSelectorPool.getSharedSelector Using a shared selector for servlet write/read
09-May-2021 21:06:19.376 INFORMACIÓN [main] org.apache.coyote.AbstractProtocol.init Inicializando el manejador de protocolo ["https-openssl-nio-8443"]

09-May-2021 21:06:19.449 INFORMACIÓN [main] org.apache.tomcat.util.net.NioSelectorPool.getSharedSelector Using a shared selector for servlet write/read
09-May-2021 21:06:19.454 INFORMACIÓN [main] org.apache.catalina.startup.Catalina.load Initialization processed in 1208 ms
09-May-2021 21:06:19.544 INFORMACIÓN [main] org.apache.catalina.core.StandardService.startInternal Arrancando servicio [Catalina]
09-May-2021 21:06:19.545 INFORMACIÓN [main] org.apache.catalina.core.StandardEngine.startInternal Starting Servlet engine: [Apache Tomcat/8.5.65]
09-May-2021 21:06:19.554 INFORMACIÓN [localhost-startStop-1] org.apache.catalina.startup.HostConfig.deployDescriptor Desplieque del descriptor de configuración [C:\Users\oracle\Documents\NetBeansProjects\ISDCM\apache-tomcat-8.5.65\conf\Catalina\localhost\ROOT.xml]
09-May-2021 21:06:19.761 ADVERTENCIA [localhost-startStop-1] org.apache.tomcat.util.descriptor.web.WebXml.setVersion Unknown version string [4.0]. Default version will be used.
09-May-2021 21:06:21.319 INFORMACIÓN [localhost-startStop-1] org.apache.jasper.servlet.TldScanner.scanJars Al menos un JAR, que se ha explorado buscando TLDs, aún no contenía TLDs. Activar historial de depuración para este historiador para una completa lista de los JARs que fueron explorados y de los que nos se halló TLDs. Saltarse JARs no necesarios durante la exploración puede dar lugar a una mejora de tiempo significativa en el arranque y compilación de JSP .
09-May-2021 21:06:21.421 INFORMACIÓN [localhost-startStop-1] org.apache.catalina.startup.HostConfig.deployDescriptor Deployment of deployment descriptor [C:\Users\oracle\Documents\NetBeansProjects\ISDCM\apache-tomcat-8.5.65\conf\Catalina\localhost\ROOT.xml] has finished in [1.865] ms
09-May-2021 21:06:21.422 INFORMACIÓN [localhost-startStop-1] org.apache.catalina.startup.HostConfig.deployDirectory Desplegando el directorio [C:\Users\oracle\Documents\NetBeansProjects\ISDCM\apache-tomcat-8.5.65\webapps\docs] de la aplicación web
09-May-2021 21:06:22.250 INFORMACIÓN [localhost-startStop-1] org.apache.jasper.servlet.TldScanner.scanJars Al menos un JAR, que se ha explorado buscando TLDs, aún no contenía TLDs. Activar historial de depuración para este historiador para una completa lista de los JARs que fueron explorados y de los que nos se halló TLDs. Saltarse JARs no necesarios durante la exploración puede dar lugar a una mejora de tiempo significativa en el arranque y compilación de JSP .
09-May-2021 21:06:22.260 INFORMACIÓN [localhost-startStop-1] org.apache.catalina.startup.HostConfig.deployDirectory Deployment of web application directory [C:\Users\oracle\Documents\NetBeansProjects\ISDCM\apache-tomcat-8.5.65\webapps\docs] has finished in [838] ms
09-May-2021 21:06:22.260 INFORMACIÓN [localhost-startStop-1] org.apache.catalina.startup.HostConfig.deployDirectory Desplegando el directorio [C:\Users\oracle\Documents\NetBeansProjects\ISDCM\apache-tomcat-8.5.65\webapps\examples] de la aplicación web
09-May-2021 21:06:23.307 INFORMACIÓN [localhost-startStop-1] org.apache.jasper.servlet.TldScanner.scanJars Al menos un JAR, que se ha explorado buscando TLDs, aún no contenía TLDs. Activar historial de depuración para este historiador para una completa lista de los JARs que fueron explorados y de los que nos se halló TLDs. Saltarse JARs no necesarios durante la exploración puede dar lugar a una mejora de tiempo significativa en el arranque y compilación de JSP .
09-May-2021 21:06:23.329 GRAVE [localhost-startStop-1] org.apache.catalina.core.StandardContext.startInternal One or more listeners failed to start. Full details will be found in the appropriate container log file
09-May-2021 21:06:23.330 GRAVE [localhost-startStop-1] org.apache.catalina.core.StandardContext.startInternal Falló en arranque del Contexto [/examples] debido a errores previos
09-May-2021 21:06:23.341 INFORMACIÓN [localhost-startStop-1] org.apache.catalina.startup.HostConfig.deployDirectory Deployment of web application directory [C:\Users\oracle\Documents\NetBeansProjects\ISDCM\apache-tomcat-8.5.65\webapps\examples] has finished in [1.081] ms
09-May-2021 21:06:23.345 INFORMACIÓN [localhost-startStop-1] org.apache.catalina.startup.HostConfig.deployDirectory Desplegando el directorio [C:\Users\oracle\Documents\NetBeansProjects\ISDCM\apache-tomcat-8.5.65\webapps\host-manager] de la aplicación web
09-May-2021 21:06:24.049 INFORMACIÓN [localhost-startStop-1] org.apache.jasper.servlet.TldScanner.scanJars Al menos un JAR, que se ha explorado buscando TLDs, aún no contenía TLDs. Activar historial de depuración para este historiador para una completa lista de los JARs que fueron explorados y de los que nos se halló TLDs. Saltarse JARs no necesarios durante la exploración puede dar lugar a una mejora de tiempo significativa en el arranque y compilación de JSP .
09-May-2021 21:06:24.060 INFORMACIÓN [localhost-startStop-1] org.apache.catalina.startup.HostConfig.deployDirectory Deployment of web application directory [C:\Users\oracle\Documents\NetBeansProjects\ISDCM\apache-tomcat-8.5.65\webapps\host-manager] has finished in [719] ms
09-May-2021 21:06:24.060 INFORMACIÓN [localhost-startStop-1] org.apache.catalina.startup.HostConfig.deployDirectory Desplegando el directorio [C:\Users\oracle\Documents\NetBeansProjects\ISDCM\apache-tomcat-8.5.65\webapps\manager] de la aplicación web
09-May-2021 21:06:24.658 INFORMACIÓN [localhost-startStop-1] org.apache.jasper.servlet.TldScanner.scanJars Al menos un JAR, que se ha explorado buscando TLDs, aún no contenía TLDs. Activar historial de depuración para este historiador para una completa lista de los JARs que fueron explorados y de los que nos se halló TLDs. Saltarse JARs no necesarios durante la exploración puede dar lugar a una mejora de tiempo significativa en el arranque y compilación de JSP .
09-May-2021 21:06:24.662 INFORMACIÓN [localhost-startStop-1] org.apache.catalina.startup.HostConfig.deployDirectory Deployment of web application directory [C:\Users\oracle\Documents\NetBeansProjects\ISDCM\apache-tomcat-8.5.65\webapps\manager] has finished in [602] ms
09-May-2021 21:06:24.668 INFORMACIÓN [main] org.apache.coyote.AbstractProtocol.start Starting ProtocolHandler ["http-nio-8080"]
09-May-2021 21:06:24.684 INFORMACIÓN [main] org.apache.coyote.AbstractProtocol.start Starting ProtocolHandler ["https-openssl-nio-8443"]
09-May-2021 21:06:24.687 INFORMACIÓN [main] org.apache.catalina.startup.Catalina.start Server startup in 5232 ms
09-May-2021 21:06:27.144 INFORMACIÓN [http-nio-8080-exec-3] org.apache.catalina.startup.HostConfig.undeploy Repliegue (undeploy) de la aplicación web que tiene como trayectoria de contexto []
09-May-2021 21:06:27.185 INFORMACIÓN [http-nio-8080-exec-7] org.apache.catalina.startup.HostConfig.deployDescriptor Desplieque del descriptor de configuración [C:\Users\oracle\Documents\NetBeansProjects\ISDCM\apache-tomcat-8.5.65\conf\Catalina\localhost\ROOT.xml]
09-May-2021 21:06:27.257 ADVERTENCIA [http-nio-8080-exec-7] org.apache.tomcat.util.descriptor.web.WebXml.setVersion Unknown version string [4.0]. Default version will be used.
09-May-2021 21:06:29.574 INFORMACIÓN [http-nio-8080-exec-7] org.apache.jasper.servlet.TldScanner.scanJars Al menos un JAR, que se ha explorado buscando TLDs, aún no contenía TLDs. Activar historial de depuración para este historiador para una completa lista de los JARs que fueron explorados y de los que nos se halló TLDs. Saltarse JARs no necesarios durante la exploración puede dar lugar a una mejora de tiempo significativa en el arranque y compilación de JSP .
09-May-2021 21:06:29.623 INFORMACIÓN [http-nio-8080-exec-7] org.apache.catalina.startup.HostConfig.deployDescriptor Deployment of deployment descriptor [C:\Users\oracle\Documents\NetBeansProjects\ISDCM\apache-tomcat-8.5.65\conf\Catalina\localhost\ROOT.xml] has finished in [2.438] ms
09-May-2021 21:06:29.631 INFORMACIÓN [http-nio-8080-exec-6] org.apache.catalina.util.LifecycleBase.start The start() method was called on component [StandardEngine[Catalina].StandardHost[localhost].StandardContext[]] after start() had already been called. The second call will be ignored.
09-May-2021 21:09:32.487 INFORMACIÓN [http-nio-8080-exec-16] org.apache.catalina.startup.HostConfig.undeploy Repliegue (undeploy) de la aplicación web que tiene como trayectoria de contexto []
09-May-2021 21:09:32.523 INFORMACIÓN [http-nio-8080-exec-15] org.apache.catalina.startup.HostConfig.deployDescriptor Desplieque del descriptor de configuración [C:\Users\oracle\Documents\NetBeansProjects\ISDCM\apache-tomcat-8.5.65\conf\Catalina\localhost\ROOT.xml]
09-May-2021 21:09:32.658 ADVERTENCIA [http-nio-8080-exec-15] org.apache.tomcat.util.descriptor.web.WebXml.setVersion Unknown version string [4.0]. Default version will be used.
09-May-2021 21:09:33.738 INFORMACIÓN [http-nio-8080-exec-15] org.apache.jasper.servlet.TldScanner.scanJars Al menos un JAR, que se ha explorado buscando TLDs, aún no contenía TLDs. Activar historial de depuración para este historiador para una completa lista de los JARs que fueron explorados y de los que nos se halló TLDs. Saltarse JARs no necesarios durante la exploración puede dar lugar a una mejora de tiempo significativa en el arranque y compilación de JSP .
09-May-2021 21:09:33.771 INFORMACIÓN [http-nio-8080-exec-15] org.apache.catalina.startup.HostConfig.deployDescriptor Deployment of deployment descriptor [C:\Users\oracle\Documents\NetBeansProjects\ISDCM\apache-tomcat-8.5.65\conf\Catalina\localhost\ROOT.xml] has finished in [1.249] ms
09-May-2021 21:09:33.781 INFORMACIÓN [http-nio-8080-exec-12] org.apache.catalina.util.LifecycleBase.start The start() method was called on component [StandardEngine[Catalina].StandardHost[localhost].StandardContext[]] after start() had already been called. The second call will be ignored.
09-May-2021 21:10:02.673 INFORMACIÓN [main] org.apache.catalina.core.StandardServer.await Se ha recibido un comando de apagado a través del puerto de apagado. Parando la instancia del Servidor.
09-May-2021 21:10:02.673 INFORMACIÓN [main] org.apache.coyote.AbstractProtocol.pause Pausing ProtocolHandler ["http-nio-8080"]
09-May-2021 21:10:03.048 INFORMACIÓN [main] org.apache.coyote.AbstractProtocol.pause Pausing ProtocolHandler ["https-openssl-nio-8443"]
09-May-2021 21:10:03.396 INFORMACIÓN [main] org.apache.catalina.core.StandardService.stopInternal Parando servicio [Catalina]
09-May-2021 21:10:03.466 INFORMACIÓN [main] org.apache.coyote.AbstractProtocol.stop Stopping ProtocolHandler ["http-nio-8080"]
09-May-2021 21:10:03.471 INFORMACIÓN [main] org.apache.coyote.AbstractProtocol.stop Stopping ProtocolHandler ["https-openssl-nio-8443"]
09-May-2021 21:10:03.474 INFORMACIÓN [main] org.apache.coyote.AbstractProtocol.destroy Destroying ProtocolHandler ["http-nio-8080"]
09-May-2021 21:10:03.475 INFORMACIÓN [main] org.apache.coyote.AbstractProtocol.destroy Destroying ProtocolHandler ["https-openssl-nio-8443"]
