09-May-2021 21:00:34.263 GRAVE [localhost-startStop-1] org.apache.catalina.core.StandardContext.listenerStart Error configurando escuchador de aplicación de clase [listeners.ContextListener]
	java.lang.ClassNotFoundException: listeners.ContextListener
		at org.apache.catalina.loader.WebappClassLoaderBase.loadClass(WebappClassLoaderBase.java:1372)
		at org.apache.catalina.loader.WebappClassLoaderBase.loadClass(WebappClassLoaderBase.java:1195)
		at org.apache.catalina.core.DefaultInstanceManager.loadClass(DefaultInstanceManager.java:545)
		at org.apache.catalina.core.DefaultInstanceManager.loadClassMaybePrivileged(DefaultInstanceManager.java:526)
		at org.apache.catalina.core.DefaultInstanceManager.newInstance(DefaultInstanceManager.java:150)
		at org.apache.catalina.core.StandardContext.listenerStart(StandardContext.java:4629)
		at org.apache.catalina.core.StandardContext.startInternal(StandardContext.java:5168)
		at org.apache.catalina.util.LifecycleBase.start(LifecycleBase.java:183)
		at org.apache.catalina.core.ContainerBase.addChildInternal(ContainerBase.java:743)
		at org.apache.catalina.core.ContainerBase.addChild(ContainerBase.java:719)
		at org.apache.catalina.core.StandardHost.addChild(StandardHost.java:705)
		at org.apache.catalina.startup.HostConfig.deployDirectory(HostConfig.java:1176)
		at org.apache.catalina.startup.HostConfig$DeployDirectory.run(HostConfig.java:1917)
		at java.util.concurrent.Executors$RunnableAdapter.call(Executors.java:511)
		at java.util.concurrent.FutureTask.run(FutureTask.java:266)
		at java.util.concurrent.ThreadPoolExecutor.runWorker(ThreadPoolExecutor.java:1149)
		at java.util.concurrent.ThreadPoolExecutor$Worker.run(ThreadPoolExecutor.java:624)
		at java.lang.Thread.run(Thread.java:748)
09-May-2021 21:00:34.263 GRAVE [localhost-startStop-1] org.apache.catalina.core.StandardContext.listenerStart Error configurando escuchador de aplicación de clase [listeners.SessionListener]
	java.lang.ClassNotFoundException: listeners.SessionListener
		at org.apache.catalina.loader.WebappClassLoaderBase.loadClass(WebappClassLoaderBase.java:1372)
		at org.apache.catalina.loader.WebappClassLoaderBase.loadClass(WebappClassLoaderBase.java:1195)
		at org.apache.catalina.core.DefaultInstanceManager.loadClass(DefaultInstanceManager.java:545)
		at org.apache.catalina.core.DefaultInstanceManager.loadClassMaybePrivileged(DefaultInstanceManager.java:526)
		at org.apache.catalina.core.DefaultInstanceManager.newInstance(DefaultInstanceManager.java:150)
		at org.apache.catalina.core.StandardContext.listenerStart(StandardContext.java:4629)
		at org.apache.catalina.core.StandardContext.startInternal(StandardContext.java:5168)
		at org.apache.catalina.util.LifecycleBase.start(LifecycleBase.java:183)
		at org.apache.catalina.core.ContainerBase.addChildInternal(ContainerBase.java:743)
		at org.apache.catalina.core.ContainerBase.addChild(ContainerBase.java:719)
		at org.apache.catalina.core.StandardHost.addChild(StandardHost.java:705)
		at org.apache.catalina.startup.HostConfig.deployDirectory(HostConfig.java:1176)
		at org.apache.catalina.startup.HostConfig$DeployDirectory.run(HostConfig.java:1917)
		at java.util.concurrent.Executors$RunnableAdapter.call(Executors.java:511)
		at java.util.concurrent.FutureTask.run(FutureTask.java:266)
		at java.util.concurrent.ThreadPoolExecutor.runWorker(ThreadPoolExecutor.java:1149)
		at java.util.concurrent.ThreadPoolExecutor$Worker.run(ThreadPoolExecutor.java:624)
		at java.lang.Thread.run(Thread.java:748)
09-May-2021 21:00:34.267 GRAVE [localhost-startStop-1] org.apache.catalina.core.StandardContext.listenerStart Error configurando escuchador de aplicación de clase [async.AsyncStockContextListener]
	java.lang.ClassNotFoundException: async.AsyncStockContextListener
		at org.apache.catalina.loader.WebappClassLoaderBase.loadClass(WebappClassLoaderBase.java:1372)
		at org.apache.catalina.loader.WebappClassLoaderBase.loadClass(WebappClassLoaderBase.java:1195)
		at org.apache.catalina.core.DefaultInstanceManager.loadClass(DefaultInstanceManager.java:545)
		at org.apache.catalina.core.DefaultInstanceManager.loadClassMaybePrivileged(DefaultInstanceManager.java:526)
		at org.apache.catalina.core.DefaultInstanceManager.newInstance(DefaultInstanceManager.java:150)
		at org.apache.catalina.core.StandardContext.listenerStart(StandardContext.java:4629)
		at org.apache.catalina.core.StandardContext.startInternal(StandardContext.java:5168)
		at org.apache.catalina.util.LifecycleBase.start(LifecycleBase.java:183)
		at org.apache.catalina.core.ContainerBase.addChildInternal(ContainerBase.java:743)
		at org.apache.catalina.core.ContainerBase.addChild(ContainerBase.java:719)
		at org.apache.catalina.core.StandardHost.addChild(StandardHost.java:705)
		at org.apache.catalina.startup.HostConfig.deployDirectory(HostConfig.java:1176)
		at org.apache.catalina.startup.HostConfig$DeployDirectory.run(HostConfig.java:1917)
		at java.util.concurrent.Executors$RunnableAdapter.call(Executors.java:511)
		at java.util.concurrent.FutureTask.run(FutureTask.java:266)
		at java.util.concurrent.ThreadPoolExecutor.runWorker(ThreadPoolExecutor.java:1149)
		at java.util.concurrent.ThreadPoolExecutor$Worker.run(ThreadPoolExecutor.java:624)
		at java.lang.Thread.run(Thread.java:748)
09-May-2021 21:00:34.268 GRAVE [localhost-startStop-1] org.apache.catalina.core.StandardContext.listenerStart Error configurando escuchador de aplicación de clase [websocket.drawboard.DrawboardContextListener]
	java.lang.ClassNotFoundException: websocket.drawboard.DrawboardContextListener
		at org.apache.catalina.loader.WebappClassLoaderBase.loadClass(WebappClassLoaderBase.java:1372)
		at org.apache.catalina.loader.WebappClassLoaderBase.loadClass(WebappClassLoaderBase.java:1195)
		at org.apache.catalina.core.DefaultInstanceManager.loadClass(DefaultInstanceManager.java:545)
		at org.apache.catalina.core.DefaultInstanceManager.loadClassMaybePrivileged(DefaultInstanceManager.java:526)
		at org.apache.catalina.core.DefaultInstanceManager.newInstance(DefaultInstanceManager.java:150)
		at org.apache.catalina.core.StandardContext.listenerStart(StandardContext.java:4629)
		at org.apache.catalina.core.StandardContext.startInternal(StandardContext.java:5168)
		at org.apache.catalina.util.LifecycleBase.start(LifecycleBase.java:183)
		at org.apache.catalina.core.ContainerBase.addChildInternal(ContainerBase.java:743)
		at org.apache.catalina.core.ContainerBase.addChild(ContainerBase.java:719)
		at org.apache.catalina.core.StandardHost.addChild(StandardHost.java:705)
		at org.apache.catalina.startup.HostConfig.deployDirectory(HostConfig.java:1176)
		at org.apache.catalina.startup.HostConfig$DeployDirectory.run(HostConfig.java:1917)
		at java.util.concurrent.Executors$RunnableAdapter.call(Executors.java:511)
		at java.util.concurrent.FutureTask.run(FutureTask.java:266)
		at java.util.concurrent.ThreadPoolExecutor.runWorker(ThreadPoolExecutor.java:1149)
		at java.util.concurrent.ThreadPoolExecutor$Worker.run(ThreadPoolExecutor.java:624)
		at java.lang.Thread.run(Thread.java:748)
09-May-2021 21:00:34.268 GRAVE [localhost-startStop-1] org.apache.catalina.core.StandardContext.listenerStart Se ha saltado la instalación de escuchadores de aplicación debido a error(es) previo(s)
09-May-2021 21:06:23.322 GRAVE [localhost-startStop-1] org.apache.catalina.core.StandardContext.listenerStart Error configurando escuchador de aplicación de clase [listeners.ContextListener]
	java.lang.ClassNotFoundException: listeners.ContextListener
		at org.apache.catalina.loader.WebappClassLoaderBase.loadClass(WebappClassLoaderBase.java:1372)
		at org.apache.catalina.loader.WebappClassLoaderBase.loadClass(WebappClassLoaderBase.java:1195)
		at org.apache.catalina.core.DefaultInstanceManager.loadClass(DefaultInstanceManager.java:545)
		at org.apache.catalina.core.DefaultInstanceManager.loadClassMaybePrivileged(DefaultInstanceManager.java:526)
		at org.apache.catalina.core.DefaultInstanceManager.newInstance(DefaultInstanceManager.java:150)
		at org.apache.catalina.core.StandardContext.listenerStart(StandardContext.java:4629)
		at org.apache.catalina.core.StandardContext.startInternal(StandardContext.java:5168)
		at org.apache.catalina.util.LifecycleBase.start(LifecycleBase.java:183)
		at org.apache.catalina.core.ContainerBase.addChildInternal(ContainerBase.java:743)
		at org.apache.catalina.core.ContainerBase.addChild(ContainerBase.java:719)
		at org.apache.catalina.core.StandardHost.addChild(StandardHost.java:705)
		at org.apache.catalina.startup.HostConfig.deployDirectory(HostConfig.java:1176)
		at org.apache.catalina.startup.HostConfig$DeployDirectory.run(HostConfig.java:1917)
		at java.util.concurrent.Executors$RunnableAdapter.call(Executors.java:511)
		at java.util.concurrent.FutureTask.run(FutureTask.java:266)
		at java.util.concurrent.ThreadPoolExecutor.runWorker(ThreadPoolExecutor.java:1149)
		at java.util.concurrent.ThreadPoolExecutor$Worker.run(ThreadPoolExecutor.java:624)
		at java.lang.Thread.run(Thread.java:748)
09-May-2021 21:06:23.325 GRAVE [localhost-startStop-1] org.apache.catalina.core.StandardContext.listenerStart Error configurando escuchador de aplicación de clase [listeners.SessionListener]
	java.lang.ClassNotFoundException: listeners.SessionListener
		at org.apache.catalina.loader.WebappClassLoaderBase.loadClass(WebappClassLoaderBase.java:1372)
		at org.apache.catalina.loader.WebappClassLoaderBase.loadClass(WebappClassLoaderBase.java:1195)
		at org.apache.catalina.core.DefaultInstanceManager.loadClass(DefaultInstanceManager.java:545)
		at org.apache.catalina.core.DefaultInstanceManager.loadClassMaybePrivileged(DefaultInstanceManager.java:526)
		at org.apache.catalina.core.DefaultInstanceManager.newInstance(DefaultInstanceManager.java:150)
		at org.apache.catalina.core.StandardContext.listenerStart(StandardContext.java:4629)
		at org.apache.catalina.core.StandardContext.startInternal(StandardContext.java:5168)
		at org.apache.catalina.util.LifecycleBase.start(LifecycleBase.java:183)
		at org.apache.catalina.core.ContainerBase.addChildInternal(ContainerBase.java:743)
		at org.apache.catalina.core.ContainerBase.addChild(ContainerBase.java:719)
		at org.apache.catalina.core.StandardHost.addChild(StandardHost.java:705)
		at org.apache.catalina.startup.HostConfig.deployDirectory(HostConfig.java:1176)
		at org.apache.catalina.startup.HostConfig$DeployDirectory.run(HostConfig.java:1917)
		at java.util.concurrent.Executors$RunnableAdapter.call(Executors.java:511)
		at java.util.concurrent.FutureTask.run(FutureTask.java:266)
		at java.util.concurrent.ThreadPoolExecutor.runWorker(ThreadPoolExecutor.java:1149)
		at java.util.concurrent.ThreadPoolExecutor$Worker.run(ThreadPoolExecutor.java:624)
		at java.lang.Thread.run(Thread.java:748)
09-May-2021 21:06:23.327 GRAVE [localhost-startStop-1] org.apache.catalina.core.StandardContext.listenerStart Error configurando escuchador de aplicación de clase [async.AsyncStockContextListener]
	java.lang.ClassNotFoundException: async.AsyncStockContextListener
		at org.apache.catalina.loader.WebappClassLoaderBase.loadClass(WebappClassLoaderBase.java:1372)
		at org.apache.catalina.loader.WebappClassLoaderBase.loadClass(WebappClassLoaderBase.java:1195)
		at org.apache.catalina.core.DefaultInstanceManager.loadClass(DefaultInstanceManager.java:545)
		at org.apache.catalina.core.DefaultInstanceManager.loadClassMaybePrivileged(DefaultInstanceManager.java:526)
		at org.apache.catalina.core.DefaultInstanceManager.newInstance(DefaultInstanceManager.java:150)
		at org.apache.catalina.core.StandardContext.listenerStart(StandardContext.java:4629)
		at org.apache.catalina.core.StandardContext.startInternal(StandardContext.java:5168)
		at org.apache.catalina.util.LifecycleBase.start(LifecycleBase.java:183)
		at org.apache.catalina.core.ContainerBase.addChildInternal(ContainerBase.java:743)
		at org.apache.catalina.core.ContainerBase.addChild(ContainerBase.java:719)
		at org.apache.catalina.core.StandardHost.addChild(StandardHost.java:705)
		at org.apache.catalina.startup.HostConfig.deployDirectory(HostConfig.java:1176)
		at org.apache.catalina.startup.HostConfig$DeployDirectory.run(HostConfig.java:1917)
		at java.util.concurrent.Executors$RunnableAdapter.call(Executors.java:511)
		at java.util.concurrent.FutureTask.run(FutureTask.java:266)
		at java.util.concurrent.ThreadPoolExecutor.runWorker(ThreadPoolExecutor.java:1149)
		at java.util.concurrent.ThreadPoolExecutor$Worker.run(ThreadPoolExecutor.java:624)
		at java.lang.Thread.run(Thread.java:748)
09-May-2021 21:06:23.329 GRAVE [localhost-startStop-1] org.apache.catalina.core.StandardContext.listenerStart Error configurando escuchador de aplicación de clase [websocket.drawboard.DrawboardContextListener]
	java.lang.ClassNotFoundException: websocket.drawboard.DrawboardContextListener
		at org.apache.catalina.loader.WebappClassLoaderBase.loadClass(WebappClassLoaderBase.java:1372)
		at org.apache.catalina.loader.WebappClassLoaderBase.loadClass(WebappClassLoaderBase.java:1195)
		at org.apache.catalina.core.DefaultInstanceManager.loadClass(DefaultInstanceManager.java:545)
		at org.apache.catalina.core.DefaultInstanceManager.loadClassMaybePrivileged(DefaultInstanceManager.java:526)
		at org.apache.catalina.core.DefaultInstanceManager.newInstance(DefaultInstanceManager.java:150)
		at org.apache.catalina.core.StandardContext.listenerStart(StandardContext.java:4629)
		at org.apache.catalina.core.StandardContext.startInternal(StandardContext.java:5168)
		at org.apache.catalina.util.LifecycleBase.start(LifecycleBase.java:183)
		at org.apache.catalina.core.ContainerBase.addChildInternal(ContainerBase.java:743)
		at org.apache.catalina.core.ContainerBase.addChild(ContainerBase.java:719)
		at org.apache.catalina.core.StandardHost.addChild(StandardHost.java:705)
		at org.apache.catalina.startup.HostConfig.deployDirectory(HostConfig.java:1176)
		at org.apache.catalina.startup.HostConfig$DeployDirectory.run(HostConfig.java:1917)
		at java.util.concurrent.Executors$RunnableAdapter.call(Executors.java:511)
		at java.util.concurrent.FutureTask.run(FutureTask.java:266)
		at java.util.concurrent.ThreadPoolExecutor.runWorker(ThreadPoolExecutor.java:1149)
		at java.util.concurrent.ThreadPoolExecutor$Worker.run(ThreadPoolExecutor.java:624)
		at java.lang.Thread.run(Thread.java:748)
09-May-2021 21:06:23.329 GRAVE [localhost-startStop-1] org.apache.catalina.core.StandardContext.listenerStart Se ha saltado la instalación de escuchadores de aplicación debido a error(es) previo(s)
